Connecting to database specified by database.yml
Connecting to database specified by database.yml
Connecting to database specified by database.yml
Connecting to database specified by database.yml


Started GET "/assets/rails.png" for 127.0.0.1 at 2013-11-14 19:49:03 +0400
Served asset /rails.png - 200 OK (3ms)
Connecting to database specified by database.yml
Connecting to database specified by database.yml
Connecting to database specified by database.yml
Connecting to database specified by database.yml
Connecting to database specified by database.yml
Connecting to database specified by database.yml
Connecting to database specified by database.yml
Connecting to database specified by database.yml


Started GET "/hello" for 127.0.0.1 at 2013-11-14 20:29:18 +0400

ActionController::RoutingError (No route matches [GET] "/hello"):
  actionpack (3.2.13) lib/action_dispatch/middleware/debug_exceptions.rb:21:in `call'
  actionpack (3.2.13) lib/action_dispatch/middleware/show_exceptions.rb:56:in `call'
  railties (3.2.13) lib/rails/rack/logger.rb:32:in `call_app'
  railties (3.2.13) lib/rails/rack/logger.rb:16:in `block in call'
  activesupport (3.2.13) lib/active_support/tagged_logging.rb:22:in `tagged'
  railties (3.2.13) lib/rails/rack/logger.rb:16:in `call'
  actionpack (3.2.13) lib/action_dispatch/middleware/request_id.rb:22:in `call'
  rack (1.4.5) lib/rack/methodoverride.rb:21:in `call'
  rack (1.4.5) lib/rack/runtime.rb:17:in `call'
  activesupport (3.2.13) lib/active_support/cache/strategy/local_cache.rb:72:in `call'
  rack (1.4.5) lib/rack/lock.rb:15:in `call'
  actionpack (3.2.13) lib/action_dispatch/middleware/static.rb:63:in `call'
  railties (3.2.13) lib/rails/engine.rb:479:in `call'
  railties (3.2.13) lib/rails/application.rb:223:in `call'
  rack (1.4.5) lib/rack/content_length.rb:14:in `call'
  railties (3.2.13) lib/rails/rack/log_tailer.rb:17:in `call'
  rack (1.4.5) lib/rack/handler/webrick.rb:59:in `service'
  /home/john/.rvm/rubies/ruby-1.9.3-p448/lib/ruby/1.9.1/webrick/httpserver.rb:138:in `service'
  /home/john/.rvm/rubies/ruby-1.9.3-p448/lib/ruby/1.9.1/webrick/httpserver.rb:94:in `run'
  /home/john/.rvm/rubies/ruby-1.9.3-p448/lib/ruby/1.9.1/webrick/server.rb:191:in `block in start_thread'


  Rendered /home/john/.rvm/gems/ruby-1.9.3-p448/gems/actionpack-3.2.13/lib/action_dispatch/middleware/templates/rescues/routing_error.erb within rescues/layout (2.6ms)


Started GET "/home" for 127.0.0.1 at 2013-11-14 20:29:23 +0400

ActionController::RoutingError (No route matches [GET] "/home"):
  actionpack (3.2.13) lib/action_dispatch/middleware/debug_exceptions.rb:21:in `call'
  actionpack (3.2.13) lib/action_dispatch/middleware/show_exceptions.rb:56:in `call'
  railties (3.2.13) lib/rails/rack/logger.rb:32:in `call_app'
  railties (3.2.13) lib/rails/rack/logger.rb:16:in `block in call'
  activesupport (3.2.13) lib/active_support/tagged_logging.rb:22:in `tagged'
  railties (3.2.13) lib/rails/rack/logger.rb:16:in `call'
  actionpack (3.2.13) lib/action_dispatch/middleware/request_id.rb:22:in `call'
  rack (1.4.5) lib/rack/methodoverride.rb:21:in `call'
  rack (1.4.5) lib/rack/runtime.rb:17:in `call'
  activesupport (3.2.13) lib/active_support/cache/strategy/local_cache.rb:72:in `call'
  rack (1.4.5) lib/rack/lock.rb:15:in `call'
  actionpack (3.2.13) lib/action_dispatch/middleware/static.rb:63:in `call'
  railties (3.2.13) lib/rails/engine.rb:479:in `call'
  railties (3.2.13) lib/rails/application.rb:223:in `call'
  rack (1.4.5) lib/rack/content_length.rb:14:in `call'
  railties (3.2.13) lib/rails/rack/log_tailer.rb:17:in `call'
  rack (1.4.5) lib/rack/handler/webrick.rb:59:in `service'
  /home/john/.rvm/rubies/ruby-1.9.3-p448/lib/ruby/1.9.1/webrick/httpserver.rb:138:in `service'
  /home/john/.rvm/rubies/ruby-1.9.3-p448/lib/ruby/1.9.1/webrick/httpserver.rb:94:in `run'
  /home/john/.rvm/rubies/ruby-1.9.3-p448/lib/ruby/1.9.1/webrick/server.rb:191:in `block in start_thread'


  Rendered /home/john/.rvm/gems/ruby-1.9.3-p448/gems/actionpack-3.2.13/lib/action_dispatch/middleware/templates/rescues/routing_error.erb within rescues/layout (0.5ms)


Started GET "/static_pages/home" for 127.0.0.1 at 2013-11-14 20:29:38 +0400
Processing by StaticPagesController#home as HTML
  Rendered static_pages/home.html.erb within layouts/application (0.3ms)
Compiled static_pages.css  (27ms)  (pid 14858)
Compiled application.css  (32ms)  (pid 14858)
Compiled jquery.js  (1ms)  (pid 14858)
Compiled jquery_ujs.js  (0ms)  (pid 14858)
Compiled static_pages.js  (100ms)  (pid 14858)
Compiled application.js  (140ms)  (pid 14858)
Completed 200 OK in 218ms (Views: 218.0ms | ActiveRecord: 0.0ms)


Started GET "/assets/application.css?body=1" for 127.0.0.1 at 2013-11-14 20:29:38 +0400
Served asset /application.css - 200 OK (5ms)


Started GET "/assets/static_pages.css?body=1" for 127.0.0.1 at 2013-11-14 20:29:38 +0400
Served asset /static_pages.css - 200 OK (1ms)


Started GET "/assets/jquery.js?body=1" for 127.0.0.1 at 2013-11-14 20:29:38 +0400
Served asset /jquery.js - 200 OK (2ms)


Started GET "/assets/jquery_ujs.js?body=1" for 127.0.0.1 at 2013-11-14 20:29:38 +0400
Served asset /jquery_ujs.js - 200 OK (2ms)


Started GET "/assets/static_pages.js?body=1" for 127.0.0.1 at 2013-11-14 20:29:38 +0400
Served asset /static_pages.js - 200 OK (1ms)


Started GET "/assets/application.js?body=1" for 127.0.0.1 at 2013-11-14 20:29:38 +0400
Served asset /application.js - 200 OK (4ms)
Connecting to database specified by database.yml


Started GET "/static_pages/about" for 127.0.0.1 at 2013-11-14 20:57:22 +0400
Processing by StaticPagesController#about as HTML
  Rendered static_pages/about.html.erb within layouts/application (0.3ms)
Completed 200 OK in 8ms (Views: 7.8ms | ActiveRecord: 0.0ms)


Started GET "/assets/application.css?body=1" for 127.0.0.1 at 2013-11-14 20:57:22 +0400
Served asset /application.css - 304 Not Modified (0ms)


Started GET "/assets/static_pages.css?body=1" for 127.0.0.1 at 2013-11-14 20:57:22 +0400
Served asset /static_pages.css - 304 Not Modified (0ms)


Started GET "/assets/jquery.js?body=1" for 127.0.0.1 at 2013-11-14 20:57:22 +0400
Served asset /jquery.js - 304 Not Modified (0ms)


Started GET "/assets/jquery_ujs.js?body=1" for 127.0.0.1 at 2013-11-14 20:57:22 +0400
Served asset /jquery_ujs.js - 304 Not Modified (0ms)


Started GET "/assets/static_pages.js?body=1" for 127.0.0.1 at 2013-11-14 20:57:22 +0400
Served asset /static_pages.js - 304 Not Modified (0ms)


Started GET "/assets/application.js?body=1" for 127.0.0.1 at 2013-11-14 20:57:22 +0400
Served asset /application.js - 304 Not Modified (0ms)


Started GET "/static_pages/about" for 127.0.0.1 at 2013-11-14 21:31:12 +0400
Processing by StaticPagesController#about as HTML
  Rendered static_pages/about.html.erb within layouts/application (0.4ms)
Completed 200 OK in 31ms (Views: 30.1ms | ActiveRecord: 0.0ms)


Started GET "/assets/application.css?body=1" for 127.0.0.1 at 2013-11-14 21:31:12 +0400
Served asset /application.css - 304 Not Modified (0ms)


Started GET "/assets/static_pages.css?body=1" for 127.0.0.1 at 2013-11-14 21:31:12 +0400
Served asset /static_pages.css - 304 Not Modified (0ms)


Started GET "/assets/jquery.js?body=1" for 127.0.0.1 at 2013-11-14 21:31:12 +0400
Served asset /jquery.js - 304 Not Modified (3ms)


Started GET "/assets/static_pages.js?body=1" for 127.0.0.1 at 2013-11-14 21:31:12 +0400
Served asset /static_pages.js - 304 Not Modified (0ms)


Started GET "/assets/jquery_ujs.js?body=1" for 127.0.0.1 at 2013-11-14 21:31:12 +0400
Served asset /jquery_ujs.js - 304 Not Modified (0ms)


Started GET "/assets/application.js?body=1" for 127.0.0.1 at 2013-11-14 21:31:12 +0400
Served asset /application.js - 304 Not Modified (1ms)


Started GET "/static_pages/contact" for 127.0.0.1 at 2013-11-14 21:41:46 +0400
Processing by StaticPagesController#contact as HTML
  Rendered static_pages/contact.html.erb within layouts/application (0.4ms)
Completed 200 OK in 8ms (Views: 7.4ms | ActiveRecord: 0.0ms)


Started GET "/assets/application.css?body=1" for 127.0.0.1 at 2013-11-14 21:41:46 +0400
Served asset /application.css - 304 Not Modified (3ms)


Started GET "/assets/static_pages.css?body=1" for 127.0.0.1 at 2013-11-14 21:41:46 +0400
Served asset /static_pages.css - 304 Not Modified (0ms)


Started GET "/assets/jquery.js?body=1" for 127.0.0.1 at 2013-11-14 21:41:46 +0400
Served asset /jquery.js - 304 Not Modified (0ms)


Started GET "/assets/jquery_ujs.js?body=1" for 127.0.0.1 at 2013-11-14 21:41:46 +0400
Served asset /jquery_ujs.js - 304 Not Modified (0ms)


Started GET "/assets/static_pages.js?body=1" for 127.0.0.1 at 2013-11-14 21:41:46 +0400
Served asset /static_pages.js - 304 Not Modified (0ms)


Started GET "/assets/application.js?body=1" for 127.0.0.1 at 2013-11-14 21:41:46 +0400
Served asset /application.js - 304 Not Modified (0ms)


Started GET "/static_pages/contact" for 127.0.0.1 at 2013-11-14 21:54:21 +0400
Processing by StaticPagesController#contact as HTML
  Rendered static_pages/contact.html.erb within layouts/application (0.0ms)
Completed 200 OK in 6ms (Views: 6.2ms | ActiveRecord: 0.0ms)


Started GET "/assets/application.css?body=1" for 127.0.0.1 at 2013-11-14 21:54:21 +0400
Served asset /application.css - 304 Not Modified (0ms)


Started GET "/assets/static_pages.css?body=1" for 127.0.0.1 at 2013-11-14 21:54:21 +0400
Served asset /static_pages.css - 304 Not Modified (0ms)


Started GET "/assets/jquery.js?body=1" for 127.0.0.1 at 2013-11-14 21:54:21 +0400
Served asset /jquery.js - 304 Not Modified (1ms)


Started GET "/assets/static_pages.js?body=1" for 127.0.0.1 at 2013-11-14 21:54:21 +0400
Served asset /static_pages.js - 304 Not Modified (0ms)


Started GET "/assets/jquery_ujs.js?body=1" for 127.0.0.1 at 2013-11-14 21:54:21 +0400
Served asset /jquery_ujs.js - 304 Not Modified (0ms)


Started GET "/assets/application.js?body=1" for 127.0.0.1 at 2013-11-14 21:54:21 +0400
Served asset /application.js - 304 Not Modified (0ms)
Connecting to database specified by database.yml
Connecting to database specified by database.yml
Connecting to database specified by database.yml
Connecting to database specified by database.yml
Connecting to database specified by database.yml
Connecting to database specified by database.yml
Connecting to database specified by database.yml
Connecting to database specified by database.yml
Connecting to database specified by database.yml
Connecting to database specified by database.yml
Connecting to database specified by database.yml


Started GET "/assets/application.css" for 127.0.0.1 at 2013-11-15 11:34:44 +0400
Served asset /application.css - 200 OK (31ms)


Started GET "/home" for 127.0.0.1 at 2013-11-15 11:35:08 +0400

ActionController::RoutingError (No route matches [GET] "/home"):
  actionpack (3.2.13) lib/action_dispatch/middleware/debug_exceptions.rb:21:in `call'
  actionpack (3.2.13) lib/action_dispatch/middleware/show_exceptions.rb:56:in `call'
  railties (3.2.13) lib/rails/rack/logger.rb:32:in `call_app'
  railties (3.2.13) lib/rails/rack/logger.rb:16:in `block in call'
  activesupport (3.2.13) lib/active_support/tagged_logging.rb:22:in `tagged'
  railties (3.2.13) lib/rails/rack/logger.rb:16:in `call'
  actionpack (3.2.13) lib/action_dispatch/middleware/request_id.rb:22:in `call'
  rack (1.4.5) lib/rack/methodoverride.rb:21:in `call'
  rack (1.4.5) lib/rack/runtime.rb:17:in `call'
  activesupport (3.2.13) lib/active_support/cache/strategy/local_cache.rb:72:in `call'
  rack (1.4.5) lib/rack/lock.rb:15:in `call'
  actionpack (3.2.13) lib/action_dispatch/middleware/static.rb:63:in `call'
  railties (3.2.13) lib/rails/engine.rb:479:in `call'
  railties (3.2.13) lib/rails/application.rb:223:in `call'
  rack (1.4.5) lib/rack/content_length.rb:14:in `call'
  railties (3.2.13) lib/rails/rack/log_tailer.rb:17:in `call'
  rack (1.4.5) lib/rack/handler/webrick.rb:59:in `service'
  /home/john/.rvm/rubies/ruby-1.9.3-p448/lib/ruby/1.9.1/webrick/httpserver.rb:138:in `service'
  /home/john/.rvm/rubies/ruby-1.9.3-p448/lib/ruby/1.9.1/webrick/httpserver.rb:94:in `run'
  /home/john/.rvm/rubies/ruby-1.9.3-p448/lib/ruby/1.9.1/webrick/server.rb:191:in `block in start_thread'


  Rendered /home/john/.rvm/gems/ruby-1.9.3-p448@RailsTtutorial/gems/actionpack-3.2.13/lib/action_dispatch/middleware/templates/rescues/routing_error.erb within rescues/layout (74.4ms)


Started GET "/home.html" for 127.0.0.1 at 2013-11-15 11:35:18 +0400

ActionController::RoutingError (No route matches [GET] "/home.html"):
  actionpack (3.2.13) lib/action_dispatch/middleware/debug_exceptions.rb:21:in `call'
  actionpack (3.2.13) lib/action_dispatch/middleware/show_exceptions.rb:56:in `call'
  railties (3.2.13) lib/rails/rack/logger.rb:32:in `call_app'
  railties (3.2.13) lib/rails/rack/logger.rb:16:in `block in call'
  activesupport (3.2.13) lib/active_support/tagged_logging.rb:22:in `tagged'
  railties (3.2.13) lib/rails/rack/logger.rb:16:in `call'
  actionpack (3.2.13) lib/action_dispatch/middleware/request_id.rb:22:in `call'
  rack (1.4.5) lib/rack/methodoverride.rb:21:in `call'
  rack (1.4.5) lib/rack/runtime.rb:17:in `call'
  activesupport (3.2.13) lib/active_support/cache/strategy/local_cache.rb:72:in `call'
  rack (1.4.5) lib/rack/lock.rb:15:in `call'
  actionpack (3.2.13) lib/action_dispatch/middleware/static.rb:63:in `call'
  railties (3.2.13) lib/rails/engine.rb:479:in `call'
  railties (3.2.13) lib/rails/application.rb:223:in `call'
  rack (1.4.5) lib/rack/content_length.rb:14:in `call'
  railties (3.2.13) lib/rails/rack/log_tailer.rb:17:in `call'
  rack (1.4.5) lib/rack/handler/webrick.rb:59:in `service'
  /home/john/.rvm/rubies/ruby-1.9.3-p448/lib/ruby/1.9.1/webrick/httpserver.rb:138:in `service'
  /home/john/.rvm/rubies/ruby-1.9.3-p448/lib/ruby/1.9.1/webrick/httpserver.rb:94:in `run'
  /home/john/.rvm/rubies/ruby-1.9.3-p448/lib/ruby/1.9.1/webrick/server.rb:191:in `block in start_thread'


  Rendered /home/john/.rvm/gems/ruby-1.9.3-p448@RailsTtutorial/gems/actionpack-3.2.13/lib/action_dispatch/middleware/templates/rescues/routing_error.erb within rescues/layout (2.7ms)


Started GET "/about" for 127.0.0.1 at 2013-11-15 11:35:24 +0400

ActionController::RoutingError (No route matches [GET] "/about"):
  actionpack (3.2.13) lib/action_dispatch/middleware/debug_exceptions.rb:21:in `call'
  actionpack (3.2.13) lib/action_dispatch/middleware/show_exceptions.rb:56:in `call'
  railties (3.2.13) lib/rails/rack/logger.rb:32:in `call_app'
  railties (3.2.13) lib/rails/rack/logger.rb:16:in `block in call'
  activesupport (3.2.13) lib/active_support/tagged_logging.rb:22:in `tagged'
  railties (3.2.13) lib/rails/rack/logger.rb:16:in `call'
  actionpack (3.2.13) lib/action_dispatch/middleware/request_id.rb:22:in `call'
  rack (1.4.5) lib/rack/methodoverride.rb:21:in `call'
  rack (1.4.5) lib/rack/runtime.rb:17:in `call'
  activesupport (3.2.13) lib/active_support/cache/strategy/local_cache.rb:72:in `call'
  rack (1.4.5) lib/rack/lock.rb:15:in `call'
  actionpack (3.2.13) lib/action_dispatch/middleware/static.rb:63:in `call'
  railties (3.2.13) lib/rails/engine.rb:479:in `call'
  railties (3.2.13) lib/rails/application.rb:223:in `call'
  rack (1.4.5) lib/rack/content_length.rb:14:in `call'
  railties (3.2.13) lib/rails/rack/log_tailer.rb:17:in `call'
  rack (1.4.5) lib/rack/handler/webrick.rb:59:in `service'
  /home/john/.rvm/rubies/ruby-1.9.3-p448/lib/ruby/1.9.1/webrick/httpserver.rb:138:in `service'
  /home/john/.rvm/rubies/ruby-1.9.3-p448/lib/ruby/1.9.1/webrick/httpserver.rb:94:in `run'
  /home/john/.rvm/rubies/ruby-1.9.3-p448/lib/ruby/1.9.1/webrick/server.rb:191:in `block in start_thread'


  Rendered /home/john/.rvm/gems/ruby-1.9.3-p448@RailsTtutorial/gems/actionpack-3.2.13/lib/action_dispatch/middleware/templates/rescues/routing_error.erb within rescues/layout (1.9ms)


Started GET "/static_pages/home" for 127.0.0.1 at 2013-11-15 11:36:16 +0400
Processing by StaticPagesController#home as HTML
  Rendered static_pages/home.html.erb within layouts/application (0.4ms)
Compiled jquery.js  (6ms)  (pid 22110)
Compiled jquery_ujs.js  (1ms)  (pid 22110)
Compiled application.js  (162ms)  (pid 22110)
Completed 200 OK in 286ms (Views: 285.1ms | ActiveRecord: 0.0ms)


Started GET "/assets/application.css?body=1" for 127.0.0.1 at 2013-11-15 11:36:17 +0400
Served asset /application.css - 200 OK (21ms)


Started GET "/assets/jquery.js?body=1" for 127.0.0.1 at 2013-11-15 11:36:17 +0400
Served asset /jquery.js - 200 OK (72ms)


Started GET "/assets/jquery_ujs.js?body=1" for 127.0.0.1 at 2013-11-15 11:36:17 +0400
Served asset /jquery_ujs.js - 200 OK (5ms)


Started GET "/assets/static_pages.css?body=1" for 127.0.0.1 at 2013-11-15 11:36:17 +0400
Served asset /static_pages.css - 200 OK (4ms)


Started GET "/assets/application.js?body=1" for 127.0.0.1 at 2013-11-15 11:36:17 +0400
Served asset /application.js - 200 OK (16ms)


Started GET "/assets/static_pages.js?body=1" for 127.0.0.1 at 2013-11-15 11:36:17 +0400
Served asset /static_pages.js - 200 OK (4ms)
Connecting to database specified by database.yml
Connecting to database specified by database.yml


Started GET "/assets/rails.png" for 127.0.0.1 at 2013-11-15 13:03:28 +0400
Served asset /rails.png - 200 OK (27ms)


Started GET "/static_pages/home" for 127.0.0.1 at 2013-11-15 13:03:38 +0400
Processing by StaticPagesController#home as HTML
  Rendered static_pages/home.html.erb within layouts/application (2.3ms)
Completed 200 OK in 41ms (Views: 40.7ms | ActiveRecord: 0.0ms)


Started GET "/assets/application.css?body=1" for 127.0.0.1 at 2013-11-15 13:03:39 +0400
Served asset /application.css - 304 Not Modified (0ms)


Started GET "/assets/static_pages.css?body=1" for 127.0.0.1 at 2013-11-15 13:03:39 +0400
Served asset /static_pages.css - 304 Not Modified (0ms)


Started GET "/assets/jquery.js?body=1" for 127.0.0.1 at 2013-11-15 13:03:39 +0400
Served asset /jquery.js - 304 Not Modified (10ms)


Started GET "/assets/jquery_ujs.js?body=1" for 127.0.0.1 at 2013-11-15 13:03:39 +0400
Served asset /jquery_ujs.js - 304 Not Modified (0ms)


Started GET "/assets/application.js?body=1" for 127.0.0.1 at 2013-11-15 13:03:39 +0400
Served asset /application.js - 304 Not Modified (1ms)


Started GET "/assets/static_pages.js?body=1" for 127.0.0.1 at 2013-11-15 13:03:39 +0400
Served asset /static_pages.js - 304 Not Modified (0ms)


Started GET "/static_pages/home" for 127.0.0.1 at 2013-11-15 13:20:16 +0400
Processing by StaticPagesController#home as HTML
  Rendered static_pages/home.html.erb within layouts/application (2.0ms)
Completed 200 OK in 31ms (Views: 30.8ms | ActiveRecord: 0.0ms)


Started GET "/assets/application.css?body=1" for 127.0.0.1 at 2013-11-15 13:20:16 +0400
Served asset /application.css - 304 Not Modified (0ms)


Started GET "/assets/static_pages.css?body=1" for 127.0.0.1 at 2013-11-15 13:20:16 +0400
Served asset /static_pages.css - 304 Not Modified (0ms)


Started GET "/assets/jquery.js?body=1" for 127.0.0.1 at 2013-11-15 13:20:16 +0400
Served asset /jquery.js - 304 Not Modified (8ms)


Started GET "/assets/static_pages.js?body=1" for 127.0.0.1 at 2013-11-15 13:20:16 +0400
Served asset /static_pages.js - 304 Not Modified (0ms)


Started GET "/assets/jquery_ujs.js?body=1" for 127.0.0.1 at 2013-11-15 13:20:16 +0400
Served asset /jquery_ujs.js - 304 Not Modified (0ms)


Started GET "/assets/application.js?body=1" for 127.0.0.1 at 2013-11-15 13:20:16 +0400
Served asset /application.js - 304 Not Modified (2ms)


Started GET "/assets/rails.png" for 127.0.0.1 at 2013-11-15 13:20:16 +0400
Served asset /rails.png - 304 Not Modified (0ms)
Connecting to database specified by database.yml


Started GET "/static_pages/home" for 127.0.0.1 at 2013-11-15 13:29:37 +0400
Processing by StaticPagesController#home as HTML
  Rendered static_pages/home.html.erb within layouts/application (65.3ms)
Compiled custom.css  (2307ms)  (pid 22692)
Compiled application.css  (2323ms)  (pid 22692)
Completed 200 OK in 2524ms (Views: 2523.2ms | ActiveRecord: 0.0ms)


Started GET "/assets/application.css?body=1" for 127.0.0.1 at 2013-11-15 13:29:39 +0400
Served asset /application.css - 304 Not Modified (14ms)


Started GET "/assets/jquery.js?body=1" for 127.0.0.1 at 2013-11-15 13:29:39 +0400
Served asset /jquery.js - 304 Not Modified (11ms)


Started GET "/assets/static_pages.css?body=1" for 127.0.0.1 at 2013-11-15 13:29:39 +0400
Served asset /static_pages.css - 304 Not Modified (2ms)


Started GET "/assets/custom.css?body=1" for 127.0.0.1 at 2013-11-15 13:29:39 +0400
Served asset /custom.css - 200 OK (17ms)


Started GET "/assets/jquery_ujs.js?body=1" for 127.0.0.1 at 2013-11-15 13:29:39 +0400
Served asset /jquery_ujs.js - 304 Not Modified (3ms)


Started GET "/assets/static_pages.js?body=1" for 127.0.0.1 at 2013-11-15 13:29:39 +0400
Served asset /static_pages.js - 304 Not Modified (3ms)


Started GET "/assets/application.js?body=1" for 127.0.0.1 at 2013-11-15 13:29:39 +0400
Served asset /application.js - 304 Not Modified (10ms)


Started GET "/assets/rails.png" for 127.0.0.1 at 2013-11-15 13:29:40 +0400
Served asset /rails.png - 304 Not Modified (1ms)


Started GET "/static_pages/home" for 127.0.0.1 at 2013-11-15 13:31:01 +0400
Processing by StaticPagesController#home as HTML
  Rendered static_pages/home.html.erb within layouts/application (0.2ms)
Compiled custom.css  (1032ms)  (pid 22692)
Compiled application.css  (1ms)  (pid 22692)
Completed 200 OK in 1111ms (Views: 1110.8ms | ActiveRecord: 0.0ms)


Started GET "/assets/application.css?body=1" for 127.0.0.1 at 2013-11-15 13:31:02 +0400
Served asset /application.css - 304 Not Modified (41ms)


Started GET "/assets/custom.css?body=1" for 127.0.0.1 at 2013-11-15 13:31:02 +0400
Served asset /custom.css - 200 OK (22ms)


Started GET "/assets/jquery_ujs.js?body=1" for 127.0.0.1 at 2013-11-15 13:31:02 +0400
Served asset /jquery_ujs.js - 304 Not Modified (0ms)


Started GET "/assets/static_pages.js?body=1" for 127.0.0.1 at 2013-11-15 13:31:02 +0400
Served asset /static_pages.js - 304 Not Modified (0ms)


Started GET "/assets/static_pages.css?body=1" for 127.0.0.1 at 2013-11-15 13:31:02 +0400
Served asset /static_pages.css - 304 Not Modified (0ms)


Started GET "/assets/application.js?body=1" for 127.0.0.1 at 2013-11-15 13:31:02 +0400
Served asset /application.js - 304 Not Modified (1ms)


Started GET "/assets/jquery.js?body=1" for 127.0.0.1 at 2013-11-15 13:31:02 +0400
Served asset /jquery.js - 304 Not Modified (0ms)


Started GET "/assets/rails.png" for 127.0.0.1 at 2013-11-15 13:31:02 +0400
Served asset /rails.png - 304 Not Modified (0ms)


Started GET "/static_pages/home" for 127.0.0.1 at 2013-11-15 13:49:34 +0400
Processing by StaticPagesController#home as HTML
  Rendered static_pages/home.html.erb within layouts/application (0.6ms)
Compiled custom.css  (1156ms)  (pid 22692)
Compiled application.css  (1ms)  (pid 22692)
Completed 200 OK in 1229ms (Views: 1228.9ms | ActiveRecord: 0.0ms)


Started GET "/assets/application.css?body=1" for 127.0.0.1 at 2013-11-15 13:49:35 +0400
Served asset /application.css - 304 Not Modified (14ms)


Started GET "/assets/custom.css?body=1" for 127.0.0.1 at 2013-11-15 13:49:35 +0400
Served asset /custom.css - 200 OK (61ms)


Started GET "/assets/static_pages.css?body=1" for 127.0.0.1 at 2013-11-15 13:49:35 +0400
Served asset /static_pages.css - 304 Not Modified (0ms)


Started GET "/assets/application.js?body=1" for 127.0.0.1 at 2013-11-15 13:49:35 +0400
Served asset /application.js - 304 Not Modified (2ms)


Started GET "/assets/static_pages.js?body=1" for 127.0.0.1 at 2013-11-15 13:49:35 +0400
Served asset /static_pages.js - 304 Not Modified (0ms)


Started GET "/assets/jquery_ujs.js?body=1" for 127.0.0.1 at 2013-11-15 13:49:35 +0400
Served asset /jquery_ujs.js - 304 Not Modified (0ms)


Started GET "/assets/jquery.js?body=1" for 127.0.0.1 at 2013-11-15 13:49:35 +0400
Served asset /jquery.js - 304 Not Modified (1ms)


Started GET "/assets/rails.png" for 127.0.0.1 at 2013-11-15 13:49:35 +0400
Served asset /rails.png - 304 Not Modified (0ms)


Started GET "/static_pages/home" for 127.0.0.1 at 2013-11-15 13:50:31 +0400
Processing by StaticPagesController#home as HTML
  Rendered static_pages/home.html.erb within layouts/application (0.6ms)
Compiled custom.css  (1101ms)  (pid 22692)
Compiled application.css  (1ms)  (pid 22692)
Completed 200 OK in 1191ms (Views: 1191.1ms | ActiveRecord: 0.0ms)


Started GET "/assets/application.css?body=1" for 127.0.0.1 at 2013-11-15 13:50:32 +0400
Served asset /application.css - 304 Not Modified (13ms)


Started GET "/assets/static_pages.css?body=1" for 127.0.0.1 at 2013-11-15 13:50:32 +0400
Served asset /static_pages.css - 304 Not Modified (2ms)


Started GET "/assets/custom.css?body=1" for 127.0.0.1 at 2013-11-15 13:50:32 +0400
Served asset /custom.css - 200 OK (19ms)


Started GET "/assets/static_pages.js?body=1" for 127.0.0.1 at 2013-11-15 13:50:32 +0400
Served asset /static_pages.js - 304 Not Modified (0ms)


Started GET "/assets/jquery.js?body=1" for 127.0.0.1 at 2013-11-15 13:50:32 +0400
Served asset /jquery.js - 304 Not Modified (1ms)


Started GET "/assets/jquery_ujs.js?body=1" for 127.0.0.1 at 2013-11-15 13:50:32 +0400
Served asset /jquery_ujs.js - 304 Not Modified (0ms)


Started GET "/assets/application.js?body=1" for 127.0.0.1 at 2013-11-15 13:50:32 +0400
Served asset /application.js - 304 Not Modified (0ms)


Started GET "/assets/rails.png" for 127.0.0.1 at 2013-11-15 13:50:32 +0400
Served asset /rails.png - 304 Not Modified (0ms)


Started GET "/static_pages/home" for 127.0.0.1 at 2013-11-15 13:50:39 +0400
Processing by StaticPagesController#home as HTML
  Rendered static_pages/home.html.erb within layouts/application (0.5ms)
Completed 200 OK in 44ms (Views: 43.8ms | ActiveRecord: 0.0ms)


Started GET "/assets/application.css?body=1" for 127.0.0.1 at 2013-11-15 13:50:39 +0400
Served asset /application.css - 304 Not Modified (6ms)


Started GET "/assets/custom.css?body=1" for 127.0.0.1 at 2013-11-15 13:50:39 +0400
Served asset /custom.css - 304 Not Modified (5ms)


Started GET "/assets/application.js?body=1" for 127.0.0.1 at 2013-11-15 13:50:39 +0400
Served asset /application.js - 304 Not Modified (2ms)


Started GET "/assets/static_pages.js?body=1" for 127.0.0.1 at 2013-11-15 13:50:39 +0400
Served asset /static_pages.js - 304 Not Modified (0ms)


Started GET "/assets/jquery_ujs.js?body=1" for 127.0.0.1 at 2013-11-15 13:50:39 +0400
Served asset /jquery_ujs.js - 304 Not Modified (0ms)


Started GET "/assets/jquery.js?body=1" for 127.0.0.1 at 2013-11-15 13:50:39 +0400
Served asset /jquery.js - 304 Not Modified (5ms)


Started GET "/assets/static_pages.css?body=1" for 127.0.0.1 at 2013-11-15 13:50:39 +0400
Served asset /static_pages.css - 304 Not Modified (0ms)


Started GET "/assets/rails.png" for 127.0.0.1 at 2013-11-15 13:50:40 +0400
Served asset /rails.png - 304 Not Modified (0ms)


Started GET "/static_pages/home" for 127.0.0.1 at 2013-11-15 13:51:55 +0400
Processing by StaticPagesController#home as HTML
  Rendered static_pages/home.html.erb within layouts/application (0.5ms)
Completed 200 OK in 47ms (Views: 46.6ms | ActiveRecord: 0.0ms)


Started GET "/assets/application.css?body=1" for 127.0.0.1 at 2013-11-15 13:51:56 +0400
Served asset /application.css - 304 Not Modified (1ms)


Started GET "/assets/custom.css?body=1" for 127.0.0.1 at 2013-11-15 13:51:56 +0400
Served asset /custom.css - 304 Not Modified (53ms)


Started GET "/assets/jquery_ujs.js?body=1" for 127.0.0.1 at 2013-11-15 13:51:56 +0400
Served asset /jquery_ujs.js - 304 Not Modified (0ms)


Started GET "/assets/application.js?body=1" for 127.0.0.1 at 2013-11-15 13:51:56 +0400
Served asset /application.js - 304 Not Modified (1ms)


Started GET "/assets/jquery.js?body=1" for 127.0.0.1 at 2013-11-15 13:51:56 +0400
Served asset /jquery.js - 304 Not Modified (1ms)


Started GET "/assets/static_pages.js?body=1" for 127.0.0.1 at 2013-11-15 13:51:56 +0400
Served asset /static_pages.js - 304 Not Modified (0ms)


Started GET "/assets/static_pages.css?body=1" for 127.0.0.1 at 2013-11-15 13:51:56 +0400
Served asset /static_pages.css - 304 Not Modified (0ms)


Started GET "/assets/rails.png" for 127.0.0.1 at 2013-11-15 13:51:56 +0400
Served asset /rails.png - 304 Not Modified (0ms)
Connecting to database specified by database.yml


Started GET "/static_pages/home" for 127.0.0.1 at 2013-11-15 13:52:15 +0400
Processing by StaticPagesController#home as HTML
  Rendered static_pages/home.html.erb within layouts/application (27.5ms)
Completed 200 OK in 74ms (Views: 73.9ms | ActiveRecord: 0.0ms)


Started GET "/assets/application.css?body=1" for 127.0.0.1 at 2013-11-15 13:52:15 +0400
Served asset /application.css - 304 Not Modified (38ms)


Started GET "/assets/custom.css?body=1" for 127.0.0.1 at 2013-11-15 13:52:15 +0400
Served asset /custom.css - 304 Not Modified (48ms)


Started GET "/assets/static_pages.css?body=1" for 127.0.0.1 at 2013-11-15 13:52:16 +0400
Served asset /static_pages.css - 304 Not Modified (1ms)


Started GET "/assets/application.js?body=1" for 127.0.0.1 at 2013-11-15 13:52:16 +0400
Served asset /application.js - 304 Not Modified (8ms)


Started GET "/assets/static_pages.js?body=1" for 127.0.0.1 at 2013-11-15 13:52:16 +0400
Served asset /static_pages.js - 304 Not Modified (1ms)


Started GET "/assets/jquery_ujs.js?body=1" for 127.0.0.1 at 2013-11-15 13:52:16 +0400
Served asset /jquery_ujs.js - 304 Not Modified (2ms)


Started GET "/assets/jquery.js?body=1" for 127.0.0.1 at 2013-11-15 13:52:16 +0400
Served asset /jquery.js - 304 Not Modified (4ms)


Started GET "/assets/rails.png" for 127.0.0.1 at 2013-11-15 13:52:16 +0400
Served asset /rails.png - 304 Not Modified (1ms)


Started GET "/static_pages/home" for 127.0.0.1 at 2013-11-15 14:13:33 +0400
Processing by StaticPagesController#home as HTML
  Rendered static_pages/home.html.erb within layouts/application (0.6ms)
Compiled custom.css  (1073ms)  (pid 22886)
Compiled application.css  (1ms)  (pid 22886)
  Rendered layouts/_shim.html.erb (0.4ms)
  Rendered layouts/_header.html.erb (0.7ms)
  Rendered layouts/_footer.html.erb (0.5ms)
Completed 200 OK in 1195ms (Views: 1194.6ms | ActiveRecord: 0.0ms)


Started GET "/assets/application.css?body=1" for 127.0.0.1 at 2013-11-15 14:13:34 +0400
Served asset /application.css - 304 Not Modified (17ms)


Started GET "/assets/custom.css?body=1" for 127.0.0.1 at 2013-11-15 14:13:34 +0400
Served asset /custom.css - 200 OK (64ms)


Started GET "/assets/jquery.js?body=1" for 127.0.0.1 at 2013-11-15 14:13:34 +0400
Served asset /jquery.js - 304 Not Modified (0ms)


Started GET "/assets/jquery_ujs.js?body=1" for 127.0.0.1 at 2013-11-15 14:13:34 +0400
Served asset /jquery_ujs.js - 304 Not Modified (0ms)


Started GET "/assets/application.js?body=1" for 127.0.0.1 at 2013-11-15 14:13:34 +0400
Served asset /application.js - 304 Not Modified (1ms)


Started GET "/assets/static_pages.css?body=1" for 127.0.0.1 at 2013-11-15 14:13:34 +0400
Served asset /static_pages.css - 304 Not Modified (0ms)


Started GET "/assets/static_pages.js?body=1" for 127.0.0.1 at 2013-11-15 14:13:34 +0400
Served asset /static_pages.js - 304 Not Modified (0ms)


Started GET "/assets/rails.png" for 127.0.0.1 at 2013-11-15 14:13:34 +0400
Served asset /rails.png - 304 Not Modified (0ms)


Started GET "/static_pages/home" for 127.0.0.1 at 2013-11-15 14:26:17 +0400
Processing by StaticPagesController#home as HTML
  Rendered static_pages/home.html.erb within layouts/application (0.7ms)
  Rendered layouts/_shim.html.erb (0.1ms)
  Rendered layouts/_header.html.erb (0.4ms)
  Rendered layouts/_footer.html.erb (0.2ms)
Completed 200 OK in 48ms (Views: 48.1ms | ActiveRecord: 0.0ms)


Started GET "/assets/application.css?body=1" for 127.0.0.1 at 2013-11-15 14:26:18 +0400
Served asset /application.css - 304 Not Modified (5ms)


Started GET "/assets/custom.css?body=1" for 127.0.0.1 at 2013-11-15 14:26:18 +0400
Served asset /custom.css - 304 Not Modified (36ms)


Started GET "/assets/jquery.js?body=1" for 127.0.0.1 at 2013-11-15 14:26:18 +0400
Served asset /jquery.js - 304 Not Modified (2ms)


Started GET "/assets/static_pages.css?body=1" for 127.0.0.1 at 2013-11-15 14:26:18 +0400
Served asset /static_pages.css - 304 Not Modified (0ms)


Started GET "/assets/application.js?body=1" for 127.0.0.1 at 2013-11-15 14:26:18 +0400
Served asset /application.js - 304 Not Modified (4ms)


Started GET "/assets/static_pages.js?body=1" for 127.0.0.1 at 2013-11-15 14:26:18 +0400
Served asset /static_pages.js - 304 Not Modified (0ms)


Started GET "/assets/jquery_ujs.js?body=1" for 127.0.0.1 at 2013-11-15 14:26:18 +0400
Served asset /jquery_ujs.js - 304 Not Modified (6ms)


Started GET "/assets/rails.png" for 127.0.0.1 at 2013-11-15 14:26:18 +0400
Served asset /rails.png - 304 Not Modified (0ms)


Started GET "/static_pages/home" for 127.0.0.1 at 2013-11-15 15:23:47 +0400
Processing by StaticPagesController#home as HTML
  Rendered static_pages/home.html.erb within layouts/application (0.6ms)
Compiled custom.css  (1118ms)  (pid 22886)
Compiled application.css  (1ms)  (pid 22886)
  Rendered layouts/_shim.html.erb (0.0ms)
  Rendered layouts/_header.html.erb (0.2ms)
  Rendered layouts/_footer.html.erb (0.1ms)
Completed 200 OK in 1225ms (Views: 1224.7ms | ActiveRecord: 0.0ms)


Started GET "/assets/application.css?body=1" for 127.0.0.1 at 2013-11-15 15:23:48 +0400
Served asset /application.css - 304 Not Modified (14ms)


Started GET "/assets/custom.css?body=1" for 127.0.0.1 at 2013-11-15 15:23:48 +0400
Served asset /custom.css - 200 OK (121ms)


Started GET "/assets/static_pages.css?body=1" for 127.0.0.1 at 2013-11-15 15:23:48 +0400
Served asset /static_pages.css - 304 Not Modified (0ms)


Started GET "/assets/jquery.js?body=1" for 127.0.0.1 at 2013-11-15 15:23:48 +0400
Served asset /jquery.js - 304 Not Modified (2ms)


Started GET "/assets/static_pages.js?body=1" for 127.0.0.1 at 2013-11-15 15:23:48 +0400
Served asset /static_pages.js - 304 Not Modified (0ms)


Started GET "/assets/jquery_ujs.js?body=1" for 127.0.0.1 at 2013-11-15 15:23:48 +0400
Served asset /jquery_ujs.js - 304 Not Modified (0ms)


Started GET "/assets/application.js?body=1" for 127.0.0.1 at 2013-11-15 15:23:48 +0400
Served asset /application.js - 304 Not Modified (2ms)


Started GET "/assets/rails.png" for 127.0.0.1 at 2013-11-15 15:23:49 +0400
Served asset /rails.png - 304 Not Modified (0ms)


Started GET "/about" for 127.0.0.1 at 2013-11-15 15:44:29 +0400
Processing by StaticPagesController#about as HTML
  Rendered static_pages/about.html.erb within layouts/application (0.4ms)
  Rendered layouts/_shim.html.erb (0.0ms)
  Rendered layouts/_header.html.erb (0.7ms)
  Rendered layouts/_footer.html.erb (0.5ms)
Completed 200 OK in 20ms (Views: 19.2ms | ActiveRecord: 0.0ms)


Started GET "/assets/application.css?body=1" for 127.0.0.1 at 2013-11-15 15:44:29 +0400
Served asset /application.css - 304 Not Modified (57ms)


Started GET "/assets/static_pages.js?body=1" for 127.0.0.1 at 2013-11-15 15:44:29 +0400
Served asset /static_pages.js - 304 Not Modified (0ms)


Started GET "/assets/jquery.js?body=1" for 127.0.0.1 at 2013-11-15 15:44:29 +0400
Served asset /jquery.js - 304 Not Modified (1ms)


Started GET "/assets/static_pages.css?body=1" for 127.0.0.1 at 2013-11-15 15:44:29 +0400
Served asset /static_pages.css - 304 Not Modified (0ms)


Started GET "/assets/custom.css?body=1" for 127.0.0.1 at 2013-11-15 15:44:29 +0400
Served asset /custom.css - 304 Not Modified (3ms)


Started GET "/assets/jquery_ujs.js?body=1" for 127.0.0.1 at 2013-11-15 15:44:29 +0400
Served asset /jquery_ujs.js - 304 Not Modified (0ms)


Started GET "/assets/application.js?body=1" for 127.0.0.1 at 2013-11-15 15:44:29 +0400
Served asset /application.js - 304 Not Modified (1ms)
Connecting to database specified by database.yml
Connecting to database specified by database.yml


Started GET "/about" for 127.0.0.1 at 2013-11-15 15:59:09 +0400
Processing by StaticPagesController#about as HTML
  Rendered static_pages/about.html.erb within layouts/application (0.2ms)
Compiled users.css  (52ms)  (pid 22886)
Compiled application.css  (64ms)  (pid 22886)
Compiled users.js  (641ms)  (pid 22886)
Compiled application.js  (694ms)  (pid 22886)
  Rendered layouts/_shim.html.erb (0.1ms)
  Rendered layouts/_header.html.erb (0.2ms)
  Rendered layouts/_footer.html.erb (0.1ms)
Completed 200 OK in 862ms (Views: 861.0ms | ActiveRecord: 0.0ms)


Started GET "/assets/application.css?body=1" for 127.0.0.1 at 2013-11-15 15:59:10 +0400
Served asset /application.css - 304 Not Modified (12ms)


Started GET "/assets/static_pages.css?body=1" for 127.0.0.1 at 2013-11-15 15:59:10 +0400
Served asset /static_pages.css - 304 Not Modified (0ms)


Started GET "/assets/custom.css?body=1" for 127.0.0.1 at 2013-11-15 15:59:10 +0400
Served asset /custom.css - 304 Not Modified (4ms)


Started GET "/assets/users.css?body=1" for 127.0.0.1 at 2013-11-15 15:59:10 +0400
Served asset /users.css - 200 OK (37ms)


Started GET "/assets/static_pages.js?body=1" for 127.0.0.1 at 2013-11-15 15:59:10 +0400
Served asset /static_pages.js - 304 Not Modified (0ms)


Started GET "/assets/jquery_ujs.js?body=1" for 127.0.0.1 at 2013-11-15 15:59:10 +0400
Served asset /jquery_ujs.js - 304 Not Modified (3ms)


Started GET "/assets/users.js?body=1" for 127.0.0.1 at 2013-11-15 15:59:10 +0400
Served asset /users.js - 200 OK (1ms)


Started GET "/assets/jquery.js?body=1" for 127.0.0.1 at 2013-11-15 15:59:10 +0400
Served asset /jquery.js - 304 Not Modified (0ms)


Started GET "/assets/application.js?body=1" for 127.0.0.1 at 2013-11-15 15:59:10 +0400
Served asset /application.js - 304 Not Modified (7ms)


Started GET "/root_path" for 127.0.0.1 at 2013-11-15 15:59:14 +0400

ActionController::RoutingError (No route matches [GET] "/root_path"):
  actionpack (3.2.13) lib/action_dispatch/middleware/debug_exceptions.rb:21:in `call'
  actionpack (3.2.13) lib/action_dispatch/middleware/show_exceptions.rb:56:in `call'
  railties (3.2.13) lib/rails/rack/logger.rb:32:in `call_app'
  railties (3.2.13) lib/rails/rack/logger.rb:16:in `block in call'
  activesupport (3.2.13) lib/active_support/tagged_logging.rb:22:in `tagged'
  railties (3.2.13) lib/rails/rack/logger.rb:16:in `call'
  actionpack (3.2.13) lib/action_dispatch/middleware/request_id.rb:22:in `call'
  rack (1.4.5) lib/rack/methodoverride.rb:21:in `call'
  rack (1.4.5) lib/rack/runtime.rb:17:in `call'
  activesupport (3.2.13) lib/active_support/cache/strategy/local_cache.rb:72:in `call'
  rack (1.4.5) lib/rack/lock.rb:15:in `call'
  actionpack (3.2.13) lib/action_dispatch/middleware/static.rb:63:in `call'
  railties (3.2.13) lib/rails/engine.rb:479:in `call'
  railties (3.2.13) lib/rails/application.rb:223:in `call'
  rack (1.4.5) lib/rack/content_length.rb:14:in `call'
  railties (3.2.13) lib/rails/rack/log_tailer.rb:17:in `call'
  rack (1.4.5) lib/rack/handler/webrick.rb:59:in `service'
  /home/john/.rvm/rubies/ruby-1.9.3-p448/lib/ruby/1.9.1/webrick/httpserver.rb:138:in `service'
  /home/john/.rvm/rubies/ruby-1.9.3-p448/lib/ruby/1.9.1/webrick/httpserver.rb:94:in `run'
  /home/john/.rvm/rubies/ruby-1.9.3-p448/lib/ruby/1.9.1/webrick/server.rb:191:in `block in start_thread'


  Rendered /home/john/.rvm/gems/ruby-1.9.3-p448@RailsTtutorial/gems/actionpack-3.2.13/lib/action_dispatch/middleware/templates/rescues/routing_error.erb within rescues/layout (2.5ms)


Started GET "/help_path" for 127.0.0.1 at 2013-11-15 15:59:24 +0400

ActionController::RoutingError (No route matches [GET] "/help_path"):
  actionpack (3.2.13) lib/action_dispatch/middleware/debug_exceptions.rb:21:in `call'
  actionpack (3.2.13) lib/action_dispatch/middleware/show_exceptions.rb:56:in `call'
  railties (3.2.13) lib/rails/rack/logger.rb:32:in `call_app'
  railties (3.2.13) lib/rails/rack/logger.rb:16:in `block in call'
  activesupport (3.2.13) lib/active_support/tagged_logging.rb:22:in `tagged'
  railties (3.2.13) lib/rails/rack/logger.rb:16:in `call'
  actionpack (3.2.13) lib/action_dispatch/middleware/request_id.rb:22:in `call'
  rack (1.4.5) lib/rack/methodoverride.rb:21:in `call'
  rack (1.4.5) lib/rack/runtime.rb:17:in `call'
  activesupport (3.2.13) lib/active_support/cache/strategy/local_cache.rb:72:in `call'
  rack (1.4.5) lib/rack/lock.rb:15:in `call'
  actionpack (3.2.13) lib/action_dispatch/middleware/static.rb:63:in `call'
  railties (3.2.13) lib/rails/engine.rb:479:in `call'
  railties (3.2.13) lib/rails/application.rb:223:in `call'
  rack (1.4.5) lib/rack/content_length.rb:14:in `call'
  railties (3.2.13) lib/rails/rack/log_tailer.rb:17:in `call'
  rack (1.4.5) lib/rack/handler/webrick.rb:59:in `service'
  /home/john/.rvm/rubies/ruby-1.9.3-p448/lib/ruby/1.9.1/webrick/httpserver.rb:138:in `service'
  /home/john/.rvm/rubies/ruby-1.9.3-p448/lib/ruby/1.9.1/webrick/httpserver.rb:94:in `run'
  /home/john/.rvm/rubies/ruby-1.9.3-p448/lib/ruby/1.9.1/webrick/server.rb:191:in `block in start_thread'


  Rendered /home/john/.rvm/gems/ruby-1.9.3-p448@RailsTtutorial/gems/actionpack-3.2.13/lib/action_dispatch/middleware/templates/rescues/routing_error.erb within rescues/layout (1.8ms)
Connecting to database specified by database.yml


Started GET "/about_path" for 127.0.0.1 at 2013-11-15 15:59:46 +0400

ActionController::RoutingError (No route matches [GET] "/about_path"):
  actionpack (3.2.13) lib/action_dispatch/middleware/debug_exceptions.rb:21:in `call'
  actionpack (3.2.13) lib/action_dispatch/middleware/show_exceptions.rb:56:in `call'
  railties (3.2.13) lib/rails/rack/logger.rb:32:in `call_app'
  railties (3.2.13) lib/rails/rack/logger.rb:16:in `block in call'
  activesupport (3.2.13) lib/active_support/tagged_logging.rb:22:in `tagged'
  railties (3.2.13) lib/rails/rack/logger.rb:16:in `call'
  actionpack (3.2.13) lib/action_dispatch/middleware/request_id.rb:22:in `call'
  rack (1.4.5) lib/rack/methodoverride.rb:21:in `call'
  rack (1.4.5) lib/rack/runtime.rb:17:in `call'
  activesupport (3.2.13) lib/active_support/cache/strategy/local_cache.rb:72:in `call'
  rack (1.4.5) lib/rack/lock.rb:15:in `call'
  actionpack (3.2.13) lib/action_dispatch/middleware/static.rb:63:in `call'
  railties (3.2.13) lib/rails/engine.rb:479:in `call'
  railties (3.2.13) lib/rails/application.rb:223:in `call'
  rack (1.4.5) lib/rack/content_length.rb:14:in `call'
  railties (3.2.13) lib/rails/rack/log_tailer.rb:17:in `call'
  rack (1.4.5) lib/rack/handler/webrick.rb:59:in `service'
  /home/john/.rvm/rubies/ruby-1.9.3-p448/lib/ruby/1.9.1/webrick/httpserver.rb:138:in `service'
  /home/john/.rvm/rubies/ruby-1.9.3-p448/lib/ruby/1.9.1/webrick/httpserver.rb:94:in `run'
  /home/john/.rvm/rubies/ruby-1.9.3-p448/lib/ruby/1.9.1/webrick/server.rb:191:in `block in start_thread'


  Rendered /home/john/.rvm/gems/ruby-1.9.3-p448@RailsTtutorial/gems/actionpack-3.2.13/lib/action_dispatch/middleware/templates/rescues/routing_error.erb within rescues/layout (3.7ms)


Started GET "/sing_up" for 127.0.0.1 at 2013-11-15 16:00:08 +0400

ActionController::RoutingError (No route matches [GET] "/sing_up"):
  actionpack (3.2.13) lib/action_dispatch/middleware/debug_exceptions.rb:21:in `call'
  actionpack (3.2.13) lib/action_dispatch/middleware/show_exceptions.rb:56:in `call'
  railties (3.2.13) lib/rails/rack/logger.rb:32:in `call_app'
  railties (3.2.13) lib/rails/rack/logger.rb:16:in `block in call'
  activesupport (3.2.13) lib/active_support/tagged_logging.rb:22:in `tagged'
  railties (3.2.13) lib/rails/rack/logger.rb:16:in `call'
  actionpack (3.2.13) lib/action_dispatch/middleware/request_id.rb:22:in `call'
  rack (1.4.5) lib/rack/methodoverride.rb:21:in `call'
  rack (1.4.5) lib/rack/runtime.rb:17:in `call'
  activesupport (3.2.13) lib/active_support/cache/strategy/local_cache.rb:72:in `call'
  rack (1.4.5) lib/rack/lock.rb:15:in `call'
  actionpack (3.2.13) lib/action_dispatch/middleware/static.rb:63:in `call'
  railties (3.2.13) lib/rails/engine.rb:479:in `call'
  railties (3.2.13) lib/rails/application.rb:223:in `call'
  rack (1.4.5) lib/rack/content_length.rb:14:in `call'
  railties (3.2.13) lib/rails/rack/log_tailer.rb:17:in `call'
  rack (1.4.5) lib/rack/handler/webrick.rb:59:in `service'
  /home/john/.rvm/rubies/ruby-1.9.3-p448/lib/ruby/1.9.1/webrick/httpserver.rb:138:in `service'
  /home/john/.rvm/rubies/ruby-1.9.3-p448/lib/ruby/1.9.1/webrick/httpserver.rb:94:in `run'
  /home/john/.rvm/rubies/ruby-1.9.3-p448/lib/ruby/1.9.1/webrick/server.rb:191:in `block in start_thread'


  Rendered /home/john/.rvm/gems/ruby-1.9.3-p448@RailsTtutorial/gems/actionpack-3.2.13/lib/action_dispatch/middleware/templates/rescues/routing_error.erb within rescues/layout (3.3ms)


Started GET "/singup" for 127.0.0.1 at 2013-11-15 16:00:14 +0400

ActionController::RoutingError (No route matches [GET] "/singup"):
  actionpack (3.2.13) lib/action_dispatch/middleware/debug_exceptions.rb:21:in `call'
  actionpack (3.2.13) lib/action_dispatch/middleware/show_exceptions.rb:56:in `call'
  railties (3.2.13) lib/rails/rack/logger.rb:32:in `call_app'
  railties (3.2.13) lib/rails/rack/logger.rb:16:in `block in call'
  activesupport (3.2.13) lib/active_support/tagged_logging.rb:22:in `tagged'
  railties (3.2.13) lib/rails/rack/logger.rb:16:in `call'
  actionpack (3.2.13) lib/action_dispatch/middleware/request_id.rb:22:in `call'
  rack (1.4.5) lib/rack/methodoverride.rb:21:in `call'
  rack (1.4.5) lib/rack/runtime.rb:17:in `call'
  activesupport (3.2.13) lib/active_support/cache/strategy/local_cache.rb:72:in `call'
  rack (1.4.5) lib/rack/lock.rb:15:in `call'
  actionpack (3.2.13) lib/action_dispatch/middleware/static.rb:63:in `call'
  railties (3.2.13) lib/rails/engine.rb:479:in `call'
  railties (3.2.13) lib/rails/application.rb:223:in `call'
  rack (1.4.5) lib/rack/content_length.rb:14:in `call'
  railties (3.2.13) lib/rails/rack/log_tailer.rb:17:in `call'
  rack (1.4.5) lib/rack/handler/webrick.rb:59:in `service'
  /home/john/.rvm/rubies/ruby-1.9.3-p448/lib/ruby/1.9.1/webrick/httpserver.rb:138:in `service'
  /home/john/.rvm/rubies/ruby-1.9.3-p448/lib/ruby/1.9.1/webrick/httpserver.rb:94:in `run'
  /home/john/.rvm/rubies/ruby-1.9.3-p448/lib/ruby/1.9.1/webrick/server.rb:191:in `block in start_thread'


  Rendered /home/john/.rvm/gems/ruby-1.9.3-p448@RailsTtutorial/gems/actionpack-3.2.13/lib/action_dispatch/middleware/templates/rescues/routing_error.erb within rescues/layout (5.2ms)


Started GET "/" for 127.0.0.1 at 2013-11-15 16:00:28 +0400
Processing by StaticPagesController#home as HTML
  Rendered static_pages/home.html.erb within layouts/application (1.1ms)
  Rendered layouts/_shim.html.erb (0.4ms)
  Rendered layouts/_header.html.erb (0.7ms)
  Rendered layouts/_footer.html.erb (0.5ms)
Completed 200 OK in 82ms (Views: 81.4ms | ActiveRecord: 0.0ms)


Started GET "/assets/application.css?body=1" for 127.0.0.1 at 2013-11-15 16:00:28 +0400
Served asset /application.css - 304 Not Modified (16ms)


Started GET "/assets/users.css?body=1" for 127.0.0.1 at 2013-11-15 16:00:28 +0400
Served asset /users.css - 304 Not Modified (41ms)


Started GET "/assets/static_pages.css?body=1" for 127.0.0.1 at 2013-11-15 16:00:28 +0400
Served asset /static_pages.css - 304 Not Modified (3ms)


Started GET "/assets/custom.css?body=1" for 127.0.0.1 at 2013-11-15 16:00:28 +0400
Served asset /custom.css - 304 Not Modified (15ms)


Started GET "/assets/jquery.js?body=1" for 127.0.0.1 at 2013-11-15 16:00:28 +0400
Served asset /jquery.js - 304 Not Modified (8ms)


Started GET "/assets/jquery_ujs.js?body=1" for 127.0.0.1 at 2013-11-15 16:00:28 +0400
Served asset /jquery_ujs.js - 304 Not Modified (3ms)


Started GET "/assets/static_pages.js?body=1" for 127.0.0.1 at 2013-11-15 16:00:28 +0400
Served asset /static_pages.js - 304 Not Modified (2ms)


Started GET "/assets/users.js?body=1" for 127.0.0.1 at 2013-11-15 16:00:28 +0400
Served asset /users.js - 304 Not Modified (3ms)


Started GET "/assets/application.js?body=1" for 127.0.0.1 at 2013-11-15 16:00:28 +0400
Served asset /application.js - 304 Not Modified (10ms)


Started GET "/assets/rails.png" for 127.0.0.1 at 2013-11-15 16:00:28 +0400
Served asset /rails.png - 304 Not Modified (9ms)


Started GET "/root_path" for 127.0.0.1 at 2013-11-15 16:00:32 +0400

ActionController::RoutingError (No route matches [GET] "/root_path"):
  actionpack (3.2.13) lib/action_dispatch/middleware/debug_exceptions.rb:21:in `call'
  actionpack (3.2.13) lib/action_dispatch/middleware/show_exceptions.rb:56:in `call'
  railties (3.2.13) lib/rails/rack/logger.rb:32:in `call_app'
  railties (3.2.13) lib/rails/rack/logger.rb:16:in `block in call'
  activesupport (3.2.13) lib/active_support/tagged_logging.rb:22:in `tagged'
  railties (3.2.13) lib/rails/rack/logger.rb:16:in `call'
  actionpack (3.2.13) lib/action_dispatch/middleware/request_id.rb:22:in `call'
  rack (1.4.5) lib/rack/methodoverride.rb:21:in `call'
  rack (1.4.5) lib/rack/runtime.rb:17:in `call'
  activesupport (3.2.13) lib/active_support/cache/strategy/local_cache.rb:72:in `call'
  rack (1.4.5) lib/rack/lock.rb:15:in `call'
  actionpack (3.2.13) lib/action_dispatch/middleware/static.rb:63:in `call'
  railties (3.2.13) lib/rails/engine.rb:479:in `call'
  railties (3.2.13) lib/rails/application.rb:223:in `call'
  rack (1.4.5) lib/rack/content_length.rb:14:in `call'
  railties (3.2.13) lib/rails/rack/log_tailer.rb:17:in `call'
  rack (1.4.5) lib/rack/handler/webrick.rb:59:in `service'
  /home/john/.rvm/rubies/ruby-1.9.3-p448/lib/ruby/1.9.1/webrick/httpserver.rb:138:in `service'
  /home/john/.rvm/rubies/ruby-1.9.3-p448/lib/ruby/1.9.1/webrick/httpserver.rb:94:in `run'
  /home/john/.rvm/rubies/ruby-1.9.3-p448/lib/ruby/1.9.1/webrick/server.rb:191:in `block in start_thread'


  Rendered /home/john/.rvm/gems/ruby-1.9.3-p448@RailsTtutorial/gems/actionpack-3.2.13/lib/action_dispatch/middleware/templates/rescues/routing_error.erb within rescues/layout (1.8ms)


Started GET "/help_path" for 127.0.0.1 at 2013-11-15 16:00:37 +0400

ActionController::RoutingError (No route matches [GET] "/help_path"):
  actionpack (3.2.13) lib/action_dispatch/middleware/debug_exceptions.rb:21:in `call'
  actionpack (3.2.13) lib/action_dispatch/middleware/show_exceptions.rb:56:in `call'
  railties (3.2.13) lib/rails/rack/logger.rb:32:in `call_app'
  railties (3.2.13) lib/rails/rack/logger.rb:16:in `block in call'
  activesupport (3.2.13) lib/active_support/tagged_logging.rb:22:in `tagged'
  railties (3.2.13) lib/rails/rack/logger.rb:16:in `call'
  actionpack (3.2.13) lib/action_dispatch/middleware/request_id.rb:22:in `call'
  rack (1.4.5) lib/rack/methodoverride.rb:21:in `call'
  rack (1.4.5) lib/rack/runtime.rb:17:in `call'
  activesupport (3.2.13) lib/active_support/cache/strategy/local_cache.rb:72:in `call'
  rack (1.4.5) lib/rack/lock.rb:15:in `call'
  actionpack (3.2.13) lib/action_dispatch/middleware/static.rb:63:in `call'
  railties (3.2.13) lib/rails/engine.rb:479:in `call'
  railties (3.2.13) lib/rails/application.rb:223:in `call'
  rack (1.4.5) lib/rack/content_length.rb:14:in `call'
  railties (3.2.13) lib/rails/rack/log_tailer.rb:17:in `call'
  rack (1.4.5) lib/rack/handler/webrick.rb:59:in `service'
  /home/john/.rvm/rubies/ruby-1.9.3-p448/lib/ruby/1.9.1/webrick/httpserver.rb:138:in `service'
  /home/john/.rvm/rubies/ruby-1.9.3-p448/lib/ruby/1.9.1/webrick/httpserver.rb:94:in `run'
  /home/john/.rvm/rubies/ruby-1.9.3-p448/lib/ruby/1.9.1/webrick/server.rb:191:in `block in start_thread'


  Rendered /home/john/.rvm/gems/ruby-1.9.3-p448@RailsTtutorial/gems/actionpack-3.2.13/lib/action_dispatch/middleware/templates/rescues/routing_error.erb within rescues/layout (1.9ms)


Started GET "/signup" for 127.0.0.1 at 2013-11-15 16:00:40 +0400
Processing by UsersController#new as HTML
  Rendered users/new.html.erb within layouts/application (1.1ms)
  Rendered layouts/_shim.html.erb (0.0ms)
  Rendered layouts/_header.html.erb (0.2ms)
  Rendered layouts/_footer.html.erb (0.1ms)
Completed 200 OK in 128ms (Views: 127.0ms | ActiveRecord: 0.0ms)


Started GET "/assets/application.css?body=1" for 127.0.0.1 at 2013-11-15 16:00:40 +0400
Served asset /application.css - 304 Not Modified (2ms)


Started GET "/assets/users.css?body=1" for 127.0.0.1 at 2013-11-15 16:00:40 +0400
Served asset /users.css - 304 Not Modified (0ms)


Started GET "/assets/jquery.js?body=1" for 127.0.0.1 at 2013-11-15 16:00:40 +0400
Served asset /jquery.js - 304 Not Modified (0ms)


Started GET "/assets/static_pages.css?body=1" for 127.0.0.1 at 2013-11-15 16:00:40 +0400
Served asset /static_pages.css - 304 Not Modified (0ms)


Started GET "/assets/custom.css?body=1" for 127.0.0.1 at 2013-11-15 16:00:40 +0400
Served asset /custom.css - 304 Not Modified (2ms)


Started GET "/assets/jquery_ujs.js?body=1" for 127.0.0.1 at 2013-11-15 16:00:40 +0400
Served asset /jquery_ujs.js - 304 Not Modified (0ms)


Started GET "/assets/static_pages.js?body=1" for 127.0.0.1 at 2013-11-15 16:00:40 +0400
Served asset /static_pages.js - 304 Not Modified (0ms)


Started GET "/assets/application.js?body=1" for 127.0.0.1 at 2013-11-15 16:00:40 +0400
Served asset /application.js - 304 Not Modified (1ms)


Started GET "/assets/users.js?body=1" for 127.0.0.1 at 2013-11-15 16:00:40 +0400
Served asset /users.js - 304 Not Modified (0ms)


Started GET "/root_path" for 127.0.0.1 at 2013-11-15 16:00:44 +0400

ActionController::RoutingError (No route matches [GET] "/root_path"):
  actionpack (3.2.13) lib/action_dispatch/middleware/debug_exceptions.rb:21:in `call'
  actionpack (3.2.13) lib/action_dispatch/middleware/show_exceptions.rb:56:in `call'
  railties (3.2.13) lib/rails/rack/logger.rb:32:in `call_app'
  railties (3.2.13) lib/rails/rack/logger.rb:16:in `block in call'
  activesupport (3.2.13) lib/active_support/tagged_logging.rb:22:in `tagged'
  railties (3.2.13) lib/rails/rack/logger.rb:16:in `call'
  actionpack (3.2.13) lib/action_dispatch/middleware/request_id.rb:22:in `call'
  rack (1.4.5) lib/rack/methodoverride.rb:21:in `call'
  rack (1.4.5) lib/rack/runtime.rb:17:in `call'
  activesupport (3.2.13) lib/active_support/cache/strategy/local_cache.rb:72:in `call'
  rack (1.4.5) lib/rack/lock.rb:15:in `call'
  actionpack (3.2.13) lib/action_dispatch/middleware/static.rb:63:in `call'
  railties (3.2.13) lib/rails/engine.rb:479:in `call'
  railties (3.2.13) lib/rails/application.rb:223:in `call'
  rack (1.4.5) lib/rack/content_length.rb:14:in `call'
  railties (3.2.13) lib/rails/rack/log_tailer.rb:17:in `call'
  rack (1.4.5) lib/rack/handler/webrick.rb:59:in `service'
  /home/john/.rvm/rubies/ruby-1.9.3-p448/lib/ruby/1.9.1/webrick/httpserver.rb:138:in `service'
  /home/john/.rvm/rubies/ruby-1.9.3-p448/lib/ruby/1.9.1/webrick/httpserver.rb:94:in `run'
  /home/john/.rvm/rubies/ruby-1.9.3-p448/lib/ruby/1.9.1/webrick/server.rb:191:in `block in start_thread'


  Rendered /home/john/.rvm/gems/ruby-1.9.3-p448@RailsTtutorial/gems/actionpack-3.2.13/lib/action_dispatch/middleware/templates/rescues/routing_error.erb within rescues/layout (1.8ms)


Started GET "/root_path" for 127.0.0.1 at 2013-11-15 16:03:55 +0400

ActionController::RoutingError (No route matches [GET] "/root_path"):
  actionpack (3.2.13) lib/action_dispatch/middleware/debug_exceptions.rb:21:in `call'
  actionpack (3.2.13) lib/action_dispatch/middleware/show_exceptions.rb:56:in `call'
  railties (3.2.13) lib/rails/rack/logger.rb:32:in `call_app'
  railties (3.2.13) lib/rails/rack/logger.rb:16:in `block in call'
  activesupport (3.2.13) lib/active_support/tagged_logging.rb:22:in `tagged'
  railties (3.2.13) lib/rails/rack/logger.rb:16:in `call'
  actionpack (3.2.13) lib/action_dispatch/middleware/request_id.rb:22:in `call'
  rack (1.4.5) lib/rack/methodoverride.rb:21:in `call'
  rack (1.4.5) lib/rack/runtime.rb:17:in `call'
  activesupport (3.2.13) lib/active_support/cache/strategy/local_cache.rb:72:in `call'
  rack (1.4.5) lib/rack/lock.rb:15:in `call'
  actionpack (3.2.13) lib/action_dispatch/middleware/static.rb:63:in `call'
  railties (3.2.13) lib/rails/engine.rb:479:in `call'
  railties (3.2.13) lib/rails/application.rb:223:in `call'
  rack (1.4.5) lib/rack/content_length.rb:14:in `call'
  railties (3.2.13) lib/rails/rack/log_tailer.rb:17:in `call'
  rack (1.4.5) lib/rack/handler/webrick.rb:59:in `service'
  /home/john/.rvm/rubies/ruby-1.9.3-p448/lib/ruby/1.9.1/webrick/httpserver.rb:138:in `service'
  /home/john/.rvm/rubies/ruby-1.9.3-p448/lib/ruby/1.9.1/webrick/httpserver.rb:94:in `run'
  /home/john/.rvm/rubies/ruby-1.9.3-p448/lib/ruby/1.9.1/webrick/server.rb:191:in `block in start_thread'


  Rendered /home/john/.rvm/gems/ruby-1.9.3-p448@RailsTtutorial/gems/actionpack-3.2.13/lib/action_dispatch/middleware/templates/rescues/routing_error.erb within rescues/layout (1.8ms)
Connecting to database specified by database.yml


Started GET "/" for 127.0.0.1 at 2013-11-15 16:04:41 +0400
Processing by StaticPagesController#home as HTML
  Rendered static_pages/home.html.erb within layouts/application (4.2ms)
  Rendered layouts/_shim.html.erb (0.4ms)
  Rendered layouts/_header.html.erb (1.4ms)
  Rendered layouts/_footer.html.erb (0.5ms)
Completed 200 OK in 122ms (Views: 121.8ms | ActiveRecord: 0.0ms)


Started GET "/assets/application.css?body=1" for 127.0.0.1 at 2013-11-15 16:04:41 +0400
Served asset /application.css - 304 Not Modified (12ms)


Started GET "/assets/custom.css?body=1" for 127.0.0.1 at 2013-11-15 16:04:41 +0400
Served asset /custom.css - 304 Not Modified (39ms)


Started GET "/assets/static_pages.css?body=1" for 127.0.0.1 at 2013-11-15 16:04:41 +0400
Served asset /static_pages.css - 304 Not Modified (1ms)


Started GET "/assets/users.css?body=1" for 127.0.0.1 at 2013-11-15 16:04:41 +0400
Served asset /users.css - 304 Not Modified (1ms)


Started GET "/assets/jquery.js?body=1" for 127.0.0.1 at 2013-11-15 16:04:41 +0400
Served asset /jquery.js - 304 Not Modified (3ms)


Started GET "/assets/users.js?body=1" for 127.0.0.1 at 2013-11-15 16:04:41 +0400
Served asset /users.js - 304 Not Modified (1ms)


Started GET "/assets/application.js?body=1" for 127.0.0.1 at 2013-11-15 16:04:41 +0400
Served asset /application.js - 304 Not Modified (8ms)


Started GET "/assets/static_pages.js?body=1" for 127.0.0.1 at 2013-11-15 16:04:41 +0400
Served asset /static_pages.js - 304 Not Modified (1ms)


Started GET "/assets/jquery_ujs.js?body=1" for 127.0.0.1 at 2013-11-15 16:04:41 +0400
Served asset /jquery_ujs.js - 304 Not Modified (2ms)


Started GET "/assets/rails.png" for 127.0.0.1 at 2013-11-15 16:04:42 +0400
Served asset /rails.png - 304 Not Modified (1ms)


Started GET "/signup" for 127.0.0.1 at 2013-11-15 16:04:43 +0400
Processing by UsersController#new as HTML
  Rendered users/new.html.erb within layouts/application (0.4ms)
  Rendered layouts/_shim.html.erb (0.0ms)
  Rendered layouts/_header.html.erb (0.8ms)
  Rendered layouts/_footer.html.erb (0.1ms)
Completed 200 OK in 29ms (Views: 28.4ms | ActiveRecord: 0.0ms)


Started GET "/assets/application.css?body=1" for 127.0.0.1 at 2013-11-15 16:04:43 +0400
Served asset /application.css - 304 Not Modified (2ms)


Started GET "/assets/static_pages.css?body=1" for 127.0.0.1 at 2013-11-15 16:04:43 +0400
Served asset /static_pages.css - 304 Not Modified (0ms)


Started GET "/assets/jquery_ujs.js?body=1" for 127.0.0.1 at 2013-11-15 16:04:43 +0400
Served asset /jquery_ujs.js - 304 Not Modified (0ms)


Started GET "/assets/users.css?body=1" for 127.0.0.1 at 2013-11-15 16:04:43 +0400
Served asset /users.css - 304 Not Modified (0ms)


Started GET "/assets/jquery.js?body=1" for 127.0.0.1 at 2013-11-15 16:04:43 +0400
Served asset /jquery.js - 304 Not Modified (0ms)


Started GET "/assets/custom.css?body=1" for 127.0.0.1 at 2013-11-15 16:04:43 +0400
Served asset /custom.css - 304 Not Modified (6ms)


Started GET "/assets/static_pages.js?body=1" for 127.0.0.1 at 2013-11-15 16:04:43 +0400
Served asset /static_pages.js - 304 Not Modified (0ms)


Started GET "/assets/users.js?body=1" for 127.0.0.1 at 2013-11-15 16:04:43 +0400
Served asset /users.js - 304 Not Modified (0ms)


Started GET "/assets/application.js?body=1" for 127.0.0.1 at 2013-11-15 16:04:43 +0400
Served asset /application.js - 304 Not Modified (0ms)


Started GET "/about_path" for 127.0.0.1 at 2013-11-15 16:04:45 +0400

ActionController::RoutingError (No route matches [GET] "/about_path"):
  actionpack (3.2.13) lib/action_dispatch/middleware/debug_exceptions.rb:21:in `call'
  actionpack (3.2.13) lib/action_dispatch/middleware/show_exceptions.rb:56:in `call'
  railties (3.2.13) lib/rails/rack/logger.rb:32:in `call_app'
  railties (3.2.13) lib/rails/rack/logger.rb:16:in `block in call'
  activesupport (3.2.13) lib/active_support/tagged_logging.rb:22:in `tagged'
  railties (3.2.13) lib/rails/rack/logger.rb:16:in `call'
  actionpack (3.2.13) lib/action_dispatch/middleware/request_id.rb:22:in `call'
  rack (1.4.5) lib/rack/methodoverride.rb:21:in `call'
  rack (1.4.5) lib/rack/runtime.rb:17:in `call'
  activesupport (3.2.13) lib/active_support/cache/strategy/local_cache.rb:72:in `call'
  rack (1.4.5) lib/rack/lock.rb:15:in `call'
  actionpack (3.2.13) lib/action_dispatch/middleware/static.rb:63:in `call'
  railties (3.2.13) lib/rails/engine.rb:479:in `call'
  railties (3.2.13) lib/rails/application.rb:223:in `call'
  rack (1.4.5) lib/rack/content_length.rb:14:in `call'
  railties (3.2.13) lib/rails/rack/log_tailer.rb:17:in `call'
  rack (1.4.5) lib/rack/handler/webrick.rb:59:in `service'
  /home/john/.rvm/rubies/ruby-1.9.3-p448/lib/ruby/1.9.1/webrick/httpserver.rb:138:in `service'
  /home/john/.rvm/rubies/ruby-1.9.3-p448/lib/ruby/1.9.1/webrick/httpserver.rb:94:in `run'
  /home/john/.rvm/rubies/ruby-1.9.3-p448/lib/ruby/1.9.1/webrick/server.rb:191:in `block in start_thread'


  Rendered /home/john/.rvm/gems/ruby-1.9.3-p448@RailsTtutorial/gems/actionpack-3.2.13/lib/action_dispatch/middleware/templates/rescues/routing_error.erb within rescues/layout (2.2ms)


Started GET "/help" for 127.0.0.1 at 2013-11-15 16:04:55 +0400
Processing by StaticPagesController#help as HTML
  Rendered static_pages/help.html.erb within layouts/application (1.2ms)
  Rendered layouts/_shim.html.erb (0.1ms)
  Rendered layouts/_header.html.erb (2.3ms)
  Rendered layouts/_footer.html.erb (0.2ms)
Completed 200 OK in 143ms (Views: 140.4ms | ActiveRecord: 0.0ms)


Started GET "/assets/application.css?body=1" for 127.0.0.1 at 2013-11-15 16:04:55 +0400
Served asset /application.css - 304 Not Modified (40ms)


Started GET "/assets/jquery_ujs.js?body=1" for 127.0.0.1 at 2013-11-15 16:04:55 +0400
Served asset /jquery_ujs.js - 304 Not Modified (0ms)


Started GET "/assets/users.css?body=1" for 127.0.0.1 at 2013-11-15 16:04:55 +0400
Served asset /users.css - 304 Not Modified (0ms)


Started GET "/assets/jquery.js?body=1" for 127.0.0.1 at 2013-11-15 16:04:55 +0400
Served asset /jquery.js - 304 Not Modified (1ms)


Started GET "/assets/static_pages.css?body=1" for 127.0.0.1 at 2013-11-15 16:04:55 +0400
Served asset /static_pages.css - 304 Not Modified (0ms)


Started GET "/assets/custom.css?body=1" for 127.0.0.1 at 2013-11-15 16:04:55 +0400
Served asset /custom.css - 304 Not Modified (28ms)


Started GET "/assets/application.js?body=1" for 127.0.0.1 at 2013-11-15 16:04:55 +0400
Served asset /application.js - 304 Not Modified (6ms)


Started GET "/assets/users.js?body=1" for 127.0.0.1 at 2013-11-15 16:04:55 +0400
Served asset /users.js - 304 Not Modified (0ms)


Started GET "/assets/static_pages.js?body=1" for 127.0.0.1 at 2013-11-15 16:04:55 +0400
Served asset /static_pages.js - 304 Not Modified (0ms)


Started GET "/about_path" for 127.0.0.1 at 2013-11-15 16:05:23 +0400

ActionController::RoutingError (No route matches [GET] "/about_path"):
  actionpack (3.2.13) lib/action_dispatch/middleware/debug_exceptions.rb:21:in `call'
  actionpack (3.2.13) lib/action_dispatch/middleware/show_exceptions.rb:56:in `call'
  railties (3.2.13) lib/rails/rack/logger.rb:32:in `call_app'
  railties (3.2.13) lib/rails/rack/logger.rb:16:in `block in call'
  activesupport (3.2.13) lib/active_support/tagged_logging.rb:22:in `tagged'
  railties (3.2.13) lib/rails/rack/logger.rb:16:in `call'
  actionpack (3.2.13) lib/action_dispatch/middleware/request_id.rb:22:in `call'
  rack (1.4.5) lib/rack/methodoverride.rb:21:in `call'
  rack (1.4.5) lib/rack/runtime.rb:17:in `call'
  activesupport (3.2.13) lib/active_support/cache/strategy/local_cache.rb:72:in `call'
  rack (1.4.5) lib/rack/lock.rb:15:in `call'
  actionpack (3.2.13) lib/action_dispatch/middleware/static.rb:63:in `call'
  railties (3.2.13) lib/rails/engine.rb:479:in `call'
  railties (3.2.13) lib/rails/application.rb:223:in `call'
  rack (1.4.5) lib/rack/content_length.rb:14:in `call'
  railties (3.2.13) lib/rails/rack/log_tailer.rb:17:in `call'
  rack (1.4.5) lib/rack/handler/webrick.rb:59:in `service'
  /home/john/.rvm/rubies/ruby-1.9.3-p448/lib/ruby/1.9.1/webrick/httpserver.rb:138:in `service'
  /home/john/.rvm/rubies/ruby-1.9.3-p448/lib/ruby/1.9.1/webrick/httpserver.rb:94:in `run'
  /home/john/.rvm/rubies/ruby-1.9.3-p448/lib/ruby/1.9.1/webrick/server.rb:191:in `block in start_thread'


  Rendered /home/john/.rvm/gems/ruby-1.9.3-p448@RailsTtutorial/gems/actionpack-3.2.13/lib/action_dispatch/middleware/templates/rescues/routing_error.erb within rescues/layout (1.8ms)


Started GET "/help" for 127.0.0.1 at 2013-11-15 16:05:27 +0400
Processing by StaticPagesController#help as HTML
  Rendered static_pages/help.html.erb within layouts/application (0.2ms)
  Rendered layouts/_shim.html.erb (0.1ms)
  Rendered layouts/_header.html.erb (2.7ms)
  Rendered layouts/_footer.html.erb (3.0ms)
Completed 200 OK in 86ms (Views: 85.0ms | ActiveRecord: 0.0ms)


Started GET "/assets/application.css?body=1" for 127.0.0.1 at 2013-11-15 16:05:27 +0400
Served asset /application.css - 304 Not Modified (103ms)


Started GET "/assets/custom.css?body=1" for 127.0.0.1 at 2013-11-15 16:05:27 +0400
Served asset /custom.css - 304 Not Modified (6ms)


Started GET "/assets/users.css?body=1" for 127.0.0.1 at 2013-11-15 16:05:27 +0400
Served asset /users.css - 304 Not Modified (0ms)


Started GET "/assets/static_pages.css?body=1" for 127.0.0.1 at 2013-11-15 16:05:27 +0400
Served asset /static_pages.css - 304 Not Modified (0ms)


Started GET "/assets/jquery.js?body=1" for 127.0.0.1 at 2013-11-15 16:05:27 +0400
Served asset /jquery.js - 304 Not Modified (2ms)


Started GET "/assets/jquery_ujs.js?body=1" for 127.0.0.1 at 2013-11-15 16:05:27 +0400
Served asset /jquery_ujs.js - 304 Not Modified (0ms)


Started GET "/assets/static_pages.js?body=1" for 127.0.0.1 at 2013-11-15 16:05:27 +0400
Served asset /static_pages.js - 304 Not Modified (0ms)


Started GET "/assets/users.js?body=1" for 127.0.0.1 at 2013-11-15 16:05:27 +0400
Served asset /users.js - 304 Not Modified (6ms)


Started GET "/assets/application.js?body=1" for 127.0.0.1 at 2013-11-15 16:05:27 +0400
Served asset /application.js - 304 Not Modified (3ms)


Started GET "/about" for 127.0.0.1 at 2013-11-15 16:05:29 +0400
Processing by StaticPagesController#about as HTML
  Rendered static_pages/about.html.erb within layouts/application (5.7ms)
  Rendered layouts/_shim.html.erb (0.0ms)
  Rendered layouts/_header.html.erb (0.8ms)
  Rendered layouts/_footer.html.erb (0.3ms)
Completed 200 OK in 35ms (Views: 33.9ms | ActiveRecord: 0.0ms)


Started GET "/assets/application.css?body=1" for 127.0.0.1 at 2013-11-15 16:05:30 +0400
Served asset /application.css - 304 Not Modified (2ms)


Started GET "/assets/jquery.js?body=1" for 127.0.0.1 at 2013-11-15 16:05:30 +0400
Served asset /jquery.js - 304 Not Modified (0ms)


Started GET "/assets/custom.css?body=1" for 127.0.0.1 at 2013-11-15 16:05:30 +0400
Served asset /custom.css - 304 Not Modified (36ms)


Started GET "/assets/jquery_ujs.js?body=1" for 127.0.0.1 at 2013-11-15 16:05:30 +0400
Served asset /jquery_ujs.js - 304 Not Modified (0ms)


Started GET "/assets/users.css?body=1" for 127.0.0.1 at 2013-11-15 16:05:30 +0400
Served asset /users.css - 304 Not Modified (0ms)


Started GET "/assets/static_pages.css?body=1" for 127.0.0.1 at 2013-11-15 16:05:30 +0400
Served asset /static_pages.css - 304 Not Modified (0ms)


Started GET "/assets/static_pages.js?body=1" for 127.0.0.1 at 2013-11-15 16:05:30 +0400
Served asset /static_pages.js - 304 Not Modified (0ms)


Started GET "/assets/users.js?body=1" for 127.0.0.1 at 2013-11-15 16:05:30 +0400
Served asset /users.js - 304 Not Modified (0ms)


Started GET "/assets/application.js?body=1" for 127.0.0.1 at 2013-11-15 16:05:30 +0400
Served asset /application.js - 304 Not Modified (1ms)


Started GET "/contact" for 127.0.0.1 at 2013-11-15 16:05:31 +0400
Processing by StaticPagesController#contact as HTML
  Rendered static_pages/contact.html.erb within layouts/application (1.2ms)
  Rendered layouts/_shim.html.erb (0.1ms)
  Rendered layouts/_header.html.erb (2.2ms)
  Rendered layouts/_footer.html.erb (1.0ms)
Completed 200 OK in 78ms (Views: 76.9ms | ActiveRecord: 0.0ms)


Started GET "/assets/application.css?body=1" for 127.0.0.1 at 2013-11-15 16:05:31 +0400
Served asset /application.css - 304 Not Modified (23ms)


Started GET "/assets/custom.css?body=1" for 127.0.0.1 at 2013-11-15 16:05:31 +0400
Served asset /custom.css - 304 Not Modified (11ms)


Started GET "/assets/users.css?body=1" for 127.0.0.1 at 2013-11-15 16:05:31 +0400
Served asset /users.css - 304 Not Modified (0ms)


Started GET "/assets/static_pages.css?body=1" for 127.0.0.1 at 2013-11-15 16:05:31 +0400
Served asset /static_pages.css - 304 Not Modified (0ms)


Started GET "/assets/jquery_ujs.js?body=1" for 127.0.0.1 at 2013-11-15 16:05:31 +0400
Served asset /jquery_ujs.js - 304 Not Modified (0ms)


Started GET "/assets/jquery.js?body=1" for 127.0.0.1 at 2013-11-15 16:05:31 +0400
Served asset /jquery.js - 304 Not Modified (0ms)


Started GET "/assets/static_pages.js?body=1" for 127.0.0.1 at 2013-11-15 16:05:31 +0400
Served asset /static_pages.js - 304 Not Modified (4ms)


Started GET "/assets/users.js?body=1" for 127.0.0.1 at 2013-11-15 16:05:31 +0400
Served asset /users.js - 304 Not Modified (0ms)


Started GET "/assets/application.js?body=1" for 127.0.0.1 at 2013-11-15 16:05:31 +0400
Served asset /application.js - 304 Not Modified (0ms)


Started GET "/help" for 127.0.0.1 at 2013-11-15 16:05:33 +0400
Processing by StaticPagesController#help as HTML
  Rendered static_pages/help.html.erb within layouts/application (0.1ms)
  Rendered layouts/_shim.html.erb (0.1ms)
  Rendered layouts/_header.html.erb (2.3ms)
  Rendered layouts/_footer.html.erb (1.0ms)
Completed 200 OK in 147ms (Views: 145.9ms | ActiveRecord: 0.0ms)


Started GET "/assets/application.css?body=1" for 127.0.0.1 at 2013-11-15 16:05:33 +0400
Served asset /application.css - 304 Not Modified (38ms)


Started GET "/assets/custom.css?body=1" for 127.0.0.1 at 2013-11-15 16:05:33 +0400
Served asset /custom.css - 304 Not Modified (7ms)


Started GET "/assets/users.css?body=1" for 127.0.0.1 at 2013-11-15 16:05:34 +0400
Served asset /users.css - 304 Not Modified (0ms)


Started GET "/assets/jquery.js?body=1" for 127.0.0.1 at 2013-11-15 16:05:34 +0400
Served asset /jquery.js - 304 Not Modified (2ms)


Started GET "/assets/static_pages.css?body=1" for 127.0.0.1 at 2013-11-15 16:05:34 +0400
Served asset /static_pages.css - 304 Not Modified (0ms)


Started GET "/assets/jquery_ujs.js?body=1" for 127.0.0.1 at 2013-11-15 16:05:34 +0400
Served asset /jquery_ujs.js - 304 Not Modified (1ms)


Started GET "/assets/static_pages.js?body=1" for 127.0.0.1 at 2013-11-15 16:05:34 +0400
Served asset /static_pages.js - 304 Not Modified (0ms)


Started GET "/assets/application.js?body=1" for 127.0.0.1 at 2013-11-15 16:05:34 +0400
Served asset /application.js - 304 Not Modified (3ms)


Started GET "/assets/users.js?body=1" for 127.0.0.1 at 2013-11-15 16:05:34 +0400
Served asset /users.js - 304 Not Modified (0ms)


Started GET "/" for 127.0.0.1 at 2013-11-15 16:05:36 +0400
Processing by StaticPagesController#home as HTML
  Rendered static_pages/home.html.erb within layouts/application (0.5ms)
  Rendered layouts/_shim.html.erb (0.0ms)
  Rendered layouts/_header.html.erb (0.7ms)
  Rendered layouts/_footer.html.erb (0.3ms)
Completed 200 OK in 56ms (Views: 55.9ms | ActiveRecord: 0.0ms)


Started GET "/assets/application.css?body=1" for 127.0.0.1 at 2013-11-15 16:05:36 +0400
Served asset /application.css - 304 Not Modified (3ms)


Started GET "/assets/jquery_ujs.js?body=1" for 127.0.0.1 at 2013-11-15 16:05:36 +0400
Served asset /jquery_ujs.js - 304 Not Modified (0ms)


Started GET "/assets/jquery.js?body=1" for 127.0.0.1 at 2013-11-15 16:05:36 +0400
Served asset /jquery.js - 304 Not Modified (3ms)


Started GET "/assets/users.css?body=1" for 127.0.0.1 at 2013-11-15 16:05:36 +0400
Served asset /users.css - 304 Not Modified (1ms)


Started GET "/assets/static_pages.js?body=1" for 127.0.0.1 at 2013-11-15 16:05:36 +0400
Served asset /static_pages.js - 304 Not Modified (0ms)


Started GET "/assets/static_pages.css?body=1" for 127.0.0.1 at 2013-11-15 16:05:36 +0400
Served asset /static_pages.css - 304 Not Modified (0ms)


Started GET "/assets/custom.css?body=1" for 127.0.0.1 at 2013-11-15 16:05:36 +0400
Served asset /custom.css - 304 Not Modified (2ms)


Started GET "/assets/users.js?body=1" for 127.0.0.1 at 2013-11-15 16:05:36 +0400
Served asset /users.js - 304 Not Modified (0ms)


Started GET "/assets/application.js?body=1" for 127.0.0.1 at 2013-11-15 16:05:36 +0400
Served asset /application.js - 304 Not Modified (0ms)


Started GET "/assets/rails.png" for 127.0.0.1 at 2013-11-15 16:05:36 +0400
Served asset /rails.png - 304 Not Modified (0ms)


Started GET "/signup" for 127.0.0.1 at 2013-11-15 16:05:37 +0400
Processing by UsersController#new as HTML
  Rendered users/new.html.erb within layouts/application (0.1ms)
  Rendered layouts/_shim.html.erb (0.1ms)
  Rendered layouts/_header.html.erb (2.1ms)
  Rendered layouts/_footer.html.erb (1.0ms)
Completed 200 OK in 76ms (Views: 75.2ms | ActiveRecord: 0.0ms)


Started GET "/assets/application.css?body=1" for 127.0.0.1 at 2013-11-15 16:05:38 +0400
Served asset /application.css - 304 Not Modified (112ms)


Started GET "/assets/custom.css?body=1" for 127.0.0.1 at 2013-11-15 16:05:38 +0400
Served asset /custom.css - 304 Not Modified (2ms)


Started GET "/assets/static_pages.css?body=1" for 127.0.0.1 at 2013-11-15 16:05:38 +0400
Served asset /static_pages.css - 304 Not Modified (0ms)


Started GET "/assets/users.css?body=1" for 127.0.0.1 at 2013-11-15 16:05:38 +0400
Served asset /users.css - 304 Not Modified (0ms)


Started GET "/assets/jquery.js?body=1" for 127.0.0.1 at 2013-11-15 16:05:38 +0400
Served asset /jquery.js - 304 Not Modified (0ms)


Started GET "/assets/jquery_ujs.js?body=1" for 127.0.0.1 at 2013-11-15 16:05:38 +0400
Served asset /jquery_ujs.js - 304 Not Modified (0ms)


Started GET "/assets/application.js?body=1" for 127.0.0.1 at 2013-11-15 16:05:38 +0400
Served asset /application.js - 304 Not Modified (6ms)


Started GET "/assets/static_pages.js?body=1" for 127.0.0.1 at 2013-11-15 16:05:38 +0400
Served asset /static_pages.js - 304 Not Modified (0ms)


Started GET "/assets/users.js?body=1" for 127.0.0.1 at 2013-11-15 16:05:38 +0400
Served asset /users.js - 304 Not Modified (0ms)
